{"logTime":"0718/150246","correlationVector":"MBTPqmr1ubRxc98gOT5vKd.1","action":"SyncServerConnectionManagerRequest", "result":"SYNC_SERVER_OK", "context":{"environment":"48F630A6-CB1B-4CC7-86AF-0F6627234B58", "server":"SG2PEPF00000C9A"}}
{"logTime":"0718/150252","correlationVector":"iZnK6qgBaysh9E24S/gb5s.1","action":"SyncServerConnectionManagerRequest", "result":"SYNC_SERVER_OK", "context":{"environment":"48F630A6-CB1B-4CC7-86AF-0F6627234B58", "server":"SG2PEPF00000C9A"}}
{"logTime":"0718/150252","correlationVector":"MBTPqmr1ubRxc98gOT5vKd","action":"Initial GetUpdates", "result":""}
{"logTime":"0718/150252","correlationVector":"MBTPqmr1ubRxc98gOT5vKd.2","action":"GetUpdates Response", "result":"SERVER_MORE_TO_DOWNLOAD"}
{"logTime":"0718/150252","correlationVector":"iZnK6qgBaysh9E24S/gb5s","action":"Initial GetUpdates", "result":""}
{"logTime":"0718/150252","correlationVector":"iZnK6qgBaysh9E24S/gb5s.2","action":"GetUpdates Response", "result":"SYNCER_OK"}
{"logTime":"0718/150252","correlationVector":"Y76bSJ2Z1oHGC5nyXb9mwe","action":"SyncServerConnectionManagerRequest", "result":"SYNC_SERVER_OK", "context":{"environment":"", "server":""}}
{"logTime":"0718/150252","correlationVector":"tyCqAG02ZOcrSiBz5qfo8Y","action":"Initial GetUpdates", "result":""}
{"logTime":"0718/150255","correlationVector":"tyCqAG02ZOcrSiBz5qfo8Y.1","action":"SyncServerConnectionManagerRequest", "result":"SYNC_SERVER_OK", "context":{"environment":"48F630A6-CB1B-4CC7-86AF-0F6627234B58", "server":"SG2PEPF00000C9A"}}
{"logTime":"0718/150255","correlationVector":"tyCqAG02ZOcrSiBz5qfo8Y.2","action":"GetUpdates Response", "result":"SERVER_MORE_TO_DOWNLOAD"}
{"logTime":"0718/150255","correlationVector":"4QFFA9M0EVMaWh5L+50hLS","action":"Initial GetUpdates", "result":""}
{"logTime":"0718/150257","correlationVector":"4QFFA9M0EVMaWh5L+50hLS.1","action":"SyncServerConnectionManagerRequest", "result":"SYNC_SERVER_OK", "context":{"environment":"48F630A6-CB1B-4CC7-86AF-0F6627234B58", "server":"SG2PEPF00000C9A"}}
{"logTime":"0718/150257","correlationVector":"4QFFA9M0EVMaWh5L+50hLS.2","action":"GetUpdates Response", "result":"SERVER_MORE_TO_DOWNLOAD"}
{"logTime":"0718/150257","correlationVector":"4vHqTr6q/KqKAoMX3Hyejv","action":"Initial GetUpdates", "result":""}
{"logTime":"0718/150302","correlationVector":"4vHqTr6q/KqKAoMX3Hyejv.1","action":"SyncServerConnectionManagerRequest", "result":"SYNC_SERVER_OK", "context":{"environment":"48F630A6-CB1B-4CC7-86AF-0F6627234B58", "server":"SG2PEPF00000C9A"}}
{"logTime":"0718/150302","correlationVector":"4vHqTr6q/KqKAoMX3Hyejv.2","action":"GetUpdates Response", "result":"SERVER_MORE_TO_DOWNLOAD"}
{"logTime":"0718/150302","correlationVector":"cr/ScZKaPwC2qxXKN/ZN2i","action":"Initial GetUpdates", "result":""}
{"logTime":"0718/150304","correlationVector":"cr/ScZKaPwC2qxXKN/ZN2i.1","action":"SyncServerConnectionManagerRequest", "result":"SYNC_SERVER_OK", "context":{"environment":"48F630A6-CB1B-4CC7-86AF-0F6627234B58", "server":"SG2PEPF00000C9A"}}
{"logTime":"0718/150304","correlationVector":"cr/ScZKaPwC2qxXKN/ZN2i.2","action":"GetUpdates Response", "result":"SERVER_MORE_TO_DOWNLOAD"}
{"logTime":"0718/150304","correlationVector":"L2xu0FN7F1GEJ4d7/5ztJT","action":"Initial GetUpdates", "result":""}
{"logTime":"0718/150306","correlationVector":"L2xu0FN7F1GEJ4d7/5ztJT.1","action":"SyncServerConnectionManagerRequest", "result":"SYNC_SERVER_OK", "context":{"environment":"48F630A6-CB1B-4CC7-86AF-0F6627234B58", "server":"SG2PEPF00000C9A"}}
{"logTime":"0718/150306","correlationVector":"L2xu0FN7F1GEJ4d7/5ztJT.2","action":"GetUpdates Response", "result":"SERVER_MORE_TO_DOWNLOAD"}
{"logTime":"0718/150306","correlationVector":"PXA8FsB0KoCITv51JEKSlq","action":"Initial GetUpdates", "result":""}
{"logTime":"0718/150307","correlationVector":"PXA8FsB0KoCITv51JEKSlq.1","action":"SyncServerConnectionManagerRequest", "result":"SYNC_SERVER_OK", "context":{"environment":"48F630A6-CB1B-4CC7-86AF-0F6627234B58", "server":"SG2PEPF00000C9A"}}
{"logTime":"0718/150307","correlationVector":"PXA8FsB0KoCITv51JEKSlq.2","action":"GetUpdates Response", "result":"SYNCER_OK"}
{"logTime":"0718/150307","correlationVector":"/TzpVQ+gQLsYMYofCpaSfl","action":"Normal GetUpdate request", "result":""}
{"logTime":"0718/150307","correlationVector":"/TzpVQ+gQLsYMYofCpaSfl.1","action":"SyncServerConnectionManagerRequest", "result":"SYNC_SERVER_OK", "context":{"environment":"48F630A6-CB1B-4CC7-86AF-0F6627234B58", "server":"SG2PEPF00000C9A"}}
{"logTime":"0718/150307","correlationVector":"/TzpVQ+gQLsYMYofCpaSfl.2","action":"GetUpdates Response", "result":"SYNCER_OK"}
{"logTime":"0718/150307","correlationVector":"QPS3Sn3ojfJMGz+ChhDmox","action":"Commit Request", "result":""}
{"logTime":"0718/150308","correlationVector":"QPS3Sn3ojfJMGz+ChhDmox.1","action":"SyncServerConnectionManagerRequest", "result":"SYNC_SERVER_OK", "context":{"environment":"48F630A6-CB1B-4CC7-86AF-0F6627234B58", "server":"SG2PEPF00000C9A"}}
{"logTime":"0718/150308","correlationVector":"QPS3Sn3ojfJMGz+ChhDmox.2","action":"Commit Response", "result":"SYNCER_OK"}
